<?xml version="1.0" encoding="UTF-8"?>
<!-- Generated by org.testng.reporters.JUnitReportReporter -->
<testsuite skipped="0" hostname="harshit" name="annotations.TESTActitimeAlphaMultiMethods" tests="3" failures="0" timestamp="15 May 2020 20:00:45 GMT" time="136.128" errors="0">
  <testcase name="login" time="15.723" classname="annotations.TESTActitimeAlphaMultiMethods"/>
  <testcase name="deleteCustomer" time="63.306" classname="annotations.TESTActitimeAlphaMultiMethods"/>
  <testcase name="createCustomer" time="57.099" classname="annotations.TESTActitimeAlphaMultiMethods"/>
</testsuite> <!-- annotations.TESTActitimeAlphaMultiMethods -->
