<?xml version="1.0" encoding="UTF-8"?>
<!-- Generated by org.testng.reporters.JUnitReportReporter -->
<testsuite skipped="0" hostname="harshit" name="annotations.TESTActitimePriorityInvocation" tests="3" failures="0" timestamp="15 May 2020 21:46:02 GMT" time="85.911" errors="0">
  <testcase name="login" time="16.145" classname="annotations.TESTActitimePriorityInvocation"/>
  <testcase name="createCustomer" time="27.983" classname="annotations.TESTActitimePriorityInvocation"/>
  <testcase name="createCustomer" time="41.783" classname="annotations.TESTActitimePriorityInvocation"/>
</testsuite> <!-- annotations.TESTActitimePriorityInvocation -->
