<?xml version="1.0" encoding="UTF-8"?>
<!-- Generated by org.testng.reporters.JUnitReportReporter -->
<testsuite skipped="0" hostname="harshit" name="annotations.InvocationCount" tests="5" failures="0" timestamp="15 May 2020 20:53:49 GMT" time="0.017" errors="0">
  <testcase name="harshit" time="0.001" classname="annotations.InvocationCount"/>
  <testcase name="amit" time="0.012" classname="annotations.InvocationCount"/>
  <testcase name="harshit" time="0.001" classname="annotations.InvocationCount"/>
  <testcase name="amit" time="0.001" classname="annotations.InvocationCount"/>
  <testcase name="amit" time="0.002" classname="annotations.InvocationCount"/>
</testsuite> <!-- annotations.InvocationCount -->
