<?xml version="1.0" encoding="UTF-8"?>
<!-- Generated by org.testng.reporters.JUnitReportReporter -->
<testsuite skipped="0" hostname="harshit" name="annotations.Prioriyt" tests="3" failures="0" timestamp="15 May 2020 20:06:02 GMT" time="0.018" errors="0">
  <testcase name="harshit" time="0.014" classname="annotations.Prioriyt"/>
  <testcase name="amit" time="0.002" classname="annotations.Prioriyt"/>
  <testcase name="nishant" time="0.002" classname="annotations.Prioriyt"/>
</testsuite> <!-- annotations.Prioriyt -->
