<?xml version="1.0" encoding="UTF-8"?>
<!-- Generated by org.testng.reporters.JUnitReportReporter -->
<testsuite skipped="0" hostname="harshit" name="annotations.PriorityInvocation" tests="5" failures="0" timestamp="15 May 2020 21:37:26 GMT" time="0.022" errors="0">
  <testcase name="amit" time="0.003" classname="annotations.PriorityInvocation"/>
  <testcase name="amit" time="0.011" classname="annotations.PriorityInvocation"/>
  <testcase name="amit" time="0.002" classname="annotations.PriorityInvocation"/>
  <testcase name="nishant" time="0.003" classname="annotations.PriorityInvocation"/>
  <testcase name="nishant" time="0.003" classname="annotations.PriorityInvocation"/>
</testsuite> <!-- annotations.PriorityInvocation -->
