<?xml version="1.0" encoding="UTF-8"?>
<!-- Generated by org.testng.reporters.JUnitReportReporter -->
<testsuite skipped="0" hostname="harshit" name="annotations.TESTActitimeInvocationCount" tests="3" failures="0" timestamp="15 May 2020 20:46:44 GMT" time="88.479" errors="0">
  <testcase name="a" time="16.078" classname="annotations.TESTActitimeInvocationCount"/>
  <testcase name="b" time="35.844" classname="annotations.TESTActitimeInvocationCount"/>
  <testcase name="b" time="36.557" classname="annotations.TESTActitimeInvocationCount"/>
</testsuite> <!-- annotations.TESTActitimeInvocationCount -->
