<?xml version="1.0" encoding="UTF-8"?>
<!-- Generated by org.testng.reporters.JUnitReportReporter -->
<testsuite skipped="0" hostname="harshit" name="annotations.MultipleTestMethods" tests="3" failures="0" timestamp="15 May 2020 19:44:39 GMT" time="0.020" errors="0">
  <testcase name="amit" time="0.016" classname="annotations.MultipleTestMethods"/>
  <testcase name="harshit" time="0.002" classname="annotations.MultipleTestMethods"/>
  <testcase name="nishant" time="0.002" classname="annotations.MultipleTestMethods"/>
</testsuite> <!-- annotations.MultipleTestMethods -->
