<?xml version="1.0" encoding="UTF-8"?>
<!-- Generated by org.testng.reporters.JUnitReportReporter -->
<testsuite skipped="0" hostname="harshit" name="annotations.TestNGAnnotations" tests="3" failures="0" timestamp="21 May 2020 20:18:16 GMT" time="0.017" errors="0">
  <testcase name="harshit" time="0.008" classname="annotations.TestNGAnnotations"/>
  <testcase name="naimisha" time="0.003" classname="annotations.TestNGAnnotations"/>
  <testcase name="pooja" time="0.006" classname="annotations.TestNGAnnotations"/>
</testsuite> <!-- annotations.TestNGAnnotations -->
