<?xml version="1.0" encoding="UTF-8"?>
<!-- Generated by org.testng.reporters.JUnitReportReporter -->
<testsuite skipped="0" hostname="harshit" name="annotations.TESTActitimePriorityMultiple" tests="3" failures="0" timestamp="15 May 2020 20:22:48 GMT" time="110.851" errors="0">
  <testcase name="login" time="24.935" classname="annotations.TESTActitimePriorityMultiple"/>
  <testcase name="deleteCustomer" time="51.008" classname="annotations.TESTActitimePriorityMultiple"/>
  <testcase name="createCustomer" time="34.908" classname="annotations.TESTActitimePriorityMultiple"/>
</testsuite> <!-- annotations.TESTActitimePriorityMultiple -->
