<?xml version="1.0" encoding="UTF-8"?>
<!-- Generated by org.testng.reporters.JUnitReportReporter -->
<testsuite skipped="0" hostname="harshit" name="annotations.TESTActitimeWorkingWithSameBrowser" tests="3" failures="0" timestamp="19 May 2020 16:22:33 GMT" time="36.330" errors="0">
  <testcase name="a_login" time="11.310" classname="annotations.TESTActitimeWorkingWithSameBrowser"/>
  <testcase name="b_createCustomer" time="13.054" classname="annotations.TESTActitimeWorkingWithSameBrowser"/>
  <testcase name="c_deleteCustomer" time="11.966" classname="annotations.TESTActitimeWorkingWithSameBrowser"/>
</testsuite> <!-- annotations.TESTActitimeWorkingWithSameBrowser -->
